Compilación iniciada a las 27/03/2017 17:36:35.
     1>Proyecto "C:\Users\ramon\Desktop\Universidad\primero\FP\Practica2\Practica2\Practica2.vcxproj" en el nodo 2 (Build destinos).
     1>ClCompile:
         C:\Program Files (x86)\Microsoft Visual Studio 12.0\VC\bin\CL.exe /c /ZI /nologo /W3 /WX- /sdl /Od /Oy- /D _MBCS /Gm /EHsc /RTC1 /MDd /GS /fp:precise /Zc:wchar_t /Zc:forScope /Fo"Debug\\" /Fd"Debug\vc120.pdb" /Gd /TP /analyze- /errorReport:prompt Source.cpp
         Source.cpp
     1>c:\users\ramon\desktop\universidad\primero\fp\practica2\practica2\source.cpp(45): warning C4244: 'argumento' : conversión de 'time_t' a 'unsigned int'; posible pérdida de datos
     1>c:\users\ramon\desktop\universidad\primero\fp\practica2\practica2\source.cpp(66): warning C4244: 'argumento' : conversión de 'float' a 'int'; posible pérdida de datos
     1>c:\users\ramon\desktop\universidad\primero\fp\practica2\practica2\source.cpp(143): warning C4244: '=' : conversión de 'double' a 'float'; posible pérdida de datos
     1>c:\users\ramon\desktop\universidad\primero\fp\practica2\practica2\source.cpp(155): warning C4244: '=' : conversión de 'double' a 'float'; posible pérdida de datos
     1>c:\users\ramon\desktop\universidad\primero\fp\practica2\practica2\source.cpp(167): warning C4244: '=' : conversión de 'double' a 'float'; posible pérdida de datos
     1>c:\users\ramon\desktop\universidad\primero\fp\practica2\practica2\source.cpp(319): warning C4244: '=' : conversión de 'int' a 'float'; posible pérdida de datos
     1>c:\users\ramon\desktop\universidad\primero\fp\practica2\practica2\source.cpp(341): warning C4244: '=' : conversión de 'int' a 'float'; posible pérdida de datos
     1>c:\users\ramon\desktop\universidad\primero\fp\practica2\practica2\source.cpp(346): warning C4244: '=' : conversión de 'int' a 'float'; posible pérdida de datos
     1>c:\users\ramon\desktop\universidad\primero\fp\practica2\practica2\source.cpp(256): warning C4715: 'charToColor' : no todas las rutas de acceso de control devuelven un valor
     1>c:\users\ramon\desktop\universidad\primero\fp\practica2\practica2\source.cpp(271): warning C4715: 'comprobarColor' : no todas las rutas de acceso de control devuelven un valor
       Link:
         C:\Program Files (x86)\Microsoft Visual Studio 12.0\VC\bin\link.exe /ERRORREPORT:PROMPT /OUT:"C:\Users\ramon\Desktop\Universidad\primero\FP\Practica2\Debug\Practica2.exe" /INCREMENTAL /NOLOGO kernel32.lib user32.lib gdi32.lib winspool.lib comdlg32.lib advapi32.lib shell32.lib ole32.lib oleaut32.lib uuid.lib odbc32.lib odbccp32.lib /MANIFEST /MANIFESTUAC:"level='asInvoker' uiAccess='false'" /manifest:embed /DEBUG /PDB:"C:\Users\ramon\Desktop\Universidad\primero\FP\Practica2\Debug\Practica2.pdb" /TLBID:1 /DYNAMICBASE /NXCOMPAT /IMPLIB:"C:\Users\ramon\Desktop\Universidad\primero\FP\Practica2\Debug\Practica2.lib" /MACHINE:X86 Debug\Source.obj
         Practica2.vcxproj -> C:\Users\ramon\Desktop\Universidad\primero\FP\Practica2\Debug\Practica2.exe
     1>Compilación del proyecto terminada "C:\Users\ramon\Desktop\Universidad\primero\FP\Practica2\Practica2\Practica2.vcxproj" (Build destinos).

Compilación correcta.

Tiempo transcurrido 00:00:01.54
