Compilación iniciada a las 27/03/2017 18:19:08.
     1>Proyecto "C:\Users\ramon\Desktop\Universidad\primero\FP\Practica5\Practica5\Practica5.vcxproj" en el nodo 2 (Build destinos).
     1>ClCompile:
         C:\Program Files (x86)\Microsoft Visual Studio 12.0\VC\bin\CL.exe /c /ZI /nologo /W3 /WX- /sdl /Od /Oy- /D _MBCS /Gm /EHsc /RTC1 /MDd /GS /fp:precise /Zc:wchar_t /Zc:forScope /Fo"Debug\\" /Fd"Debug\vc120.pdb" /Gd /TP /analyze- /errorReport:prompt ListaAccesoPartidas.cpp
         ListaAccesoPartidas.cpp
       Link:
         C:\Program Files (x86)\Microsoft Visual Studio 12.0\VC\bin\link.exe /ERRORREPORT:PROMPT /OUT:"C:\Users\ramon\Desktop\Universidad\primero\FP\Practica5\Debug\Practica5.exe" /INCREMENTAL /NOLOGO kernel32.lib user32.lib gdi32.lib winspool.lib comdlg32.lib advapi32.lib shell32.lib ole32.lib oleaut32.lib uuid.lib odbc32.lib odbccp32.lib /MANIFEST /MANIFESTUAC:"level='asInvoker' uiAccess='false'" /manifest:embed /DEBUG /PDB:"C:\Users\ramon\Desktop\Universidad\primero\FP\Practica5\Debug\Practica5.pdb" /TLBID:1 /DYNAMICBASE /NXCOMPAT /IMPLIB:"C:\Users\ramon\Desktop\Universidad\primero\FP\Practica5\Debug\Practica5.lib" /MACHINE:X86 Debug\Conecta4.obj
         Debug\fecha.obj
         Debug\gestor.obj
         Debug\ListaAccesoPartidas.obj
         Debug\ListaPartidas.obj
         Debug\ListaUsuarios.obj
         Debug\main.obj
         Debug\menusP5.obj
         Debug\mostrarDatosAdversarios.obj
         Debug\partida.obj
         Debug\usuario.obj
         Practica5.vcxproj -> C:\Users\ramon\Desktop\Universidad\primero\FP\Practica5\Debug\Practica5.exe
     1>Compilación del proyecto terminada "C:\Users\ramon\Desktop\Universidad\primero\FP\Practica5\Practica5\Practica5.vcxproj" (Build destinos).

Compilación correcta.

Tiempo transcurrido 00:00:00.93
